<?xml version="1.0" encoding="UTF-8" ?>
<testsuite failures="0" time="15.265" errors="0" skipped="0" tests="1" name="com.salaboy.jbpm5.ProcessAndEventMultiThreadIntegrationTest">
  <properties>
    <property name="java.runtime.name" value="Java(TM) SE Runtime Environment"/>
    <property name="sun.boot.library.path" value="/System/Library/Java/JavaVirtualMachines/1.6.0.jdk/Contents/Libraries"/>
    <property name="java.vm.version" value="20.8-b03-424"/>
    <property name="awt.nativeDoubleBuffering" value="true"/>
    <property name="gopherProxySet" value="false"/>
    <property name="mrj.build" value="11M3720"/>
    <property name="java.vm.vendor" value="Apple Inc."/>
    <property name="java.vendor.url" value="http://www.apple.com/"/>
    <property name="path.separator" value=":"/>
    <property name="java.vm.name" value="Java HotSpot(TM) 64-Bit Server VM"/>
    <property name="file.encoding.pkg" value="sun.io"/>
    <property name="user.country" value="US"/>
    <property name="sun.java.launcher" value="SUN_STANDARD"/>
    <property name="sun.os.patch.level" value="unknown"/>
    <property name="java.vm.specification.name" value="Java Virtual Machine Specification"/>
    <property name="user.dir" value="/Users/salaboy/Projects/jBPM5-Developer-Guide/chapter_10/jBPM5-Process-Events-Patterns"/>
    <property name="java.runtime.version" value="1.6.0_33-b03-424-11M3720"/>
    <property name="java.awt.graphicsenv" value="apple.awt.CGraphicsEnvironment"/>
    <property name="basedir" value="/Users/salaboy/Projects/jBPM5-Developer-Guide/chapter_10/jBPM5-Process-Events-Patterns"/>
    <property name="java.endorsed.dirs" value="/System/Library/Java/JavaVirtualMachines/1.6.0.jdk/Contents/Home/lib/endorsed"/>
    <property name="os.arch" value="x86_64"/>
    <property name="surefire.real.class.path" value="/Users/salaboy/Projects/jBPM5-Developer-Guide/chapter_10/jBPM5-Process-Events-Patterns/target/surefire/surefirebooter1371165213181497196.jar"/>
    <property name="java.io.tmpdir" value="/var/folders/hr/y0qvz9_94ll1v1jms55l6p800000gn/T/"/>
    <property name="line.separator" value="
"/>
    <property name="java.vm.specification.vendor" value="Sun Microsystems Inc."/>
    <property name="os.name" value="Mac OS X"/>
    <property name="sun.jnu.encoding" value="MacRoman"/>
    <property name="java.library.path" value=".:/Library/Java/Extensions:/System/Library/Java/Extensions:/usr/lib/java"/>
    <property name="surefire.test.class.path" value="/Users/salaboy/Projects/jBPM5-Developer-Guide/chapter_10/jBPM5-Process-Events-Patterns/target/test-classes:/Users/salaboy/Projects/jBPM5-Developer-Guide/chapter_10/jBPM5-Process-Events-Patterns/target/classes:/Users/salaboy/.m2/repository/org/jbpm/jbpm-flow/5.4.0-SNAPSHOT/jbpm-flow-5.4.0-SNAPSHOT.jar:/Users/salaboy/.m2/repository/org/drools/knowledge-api/5.5.0-SNAPSHOT/knowledge-api-5.5.0-SNAPSHOT.jar:/Users/salaboy/.m2/repository/org/drools/drools-core/5.5.0-SNAPSHOT/drools-core-5.5.0-SNAPSHOT.jar:/Users/salaboy/.m2/repository/org/mvel/mvel2/2.1.3.Final/mvel2-2.1.3.Final.jar:/Users/salaboy/.m2/repository/org/drools/knowledge-internal-api/5.5.0-SNAPSHOT/knowledge-internal-api-5.5.0-SNAPSHOT.jar:/Users/salaboy/.m2/repository/javax/enterprise/cdi-api/1.0-SP4/cdi-api-1.0-SP4.jar:/Users/salaboy/.m2/repository/org/jboss/spec/javax/interceptor/jboss-interceptors-api_1.1_spec/1.0.0.Beta1/jboss-interceptors-api_1.1_spec-1.0.0.Beta1.jar:/Users/salaboy/.m2/repository/javax/annotation/jsr250-api/1.0/jsr250-api-1.0.jar:/Users/salaboy/.m2/repository/javax/inject/javax.inject/1/javax.inject-1.jar:/Users/salaboy/.m2/repository/com/google/protobuf/protobuf-java/2.4.1/protobuf-java-2.4.1.jar:/Users/salaboy/.m2/repository/org/slf4j/slf4j-api/1.6.4/slf4j-api-1.6.4.jar:/Users/salaboy/.m2/repository/org/jbpm/jbpm-flow-builder/5.4.0-SNAPSHOT/jbpm-flow-builder-5.4.0-SNAPSHOT.jar:/Users/salaboy/.m2/repository/org/drools/drools-compiler/5.5.0-SNAPSHOT/drools-compiler-5.5.0-SNAPSHOT.jar:/Users/salaboy/.m2/repository/org/antlr/antlr-runtime/3.3/antlr-runtime-3.3.jar:/Users/salaboy/.m2/repository/org/antlr/antlr/3.3/antlr-3.3.jar:/Users/salaboy/.m2/repository/org/antlr/stringtemplate/3.2.1/stringtemplate-3.2.1.jar:/Users/salaboy/.m2/repository/antlr/antlr/2.7.7/antlr-2.7.7.jar:/Users/salaboy/.m2/repository/org/eclipse/jdt/core/compiler/ecj/3.5.1/ecj-3.5.1.jar:/Users/salaboy/.m2/repository/com/thoughtworks/xstream/xstream/1.4.1/xstream-1.4.1.jar:/Users/salaboy/.m2/repository/xmlpull/xmlpull/1.1.3.1/xmlpull-1.1.3.1.jar:/Users/salaboy/.m2/repository/xpp3/xpp3_min/1.1.4c/xpp3_min-1.1.4c.jar:/Users/salaboy/.m2/repository/org/jbpm/jbpm-bpmn2/5.4.0-SNAPSHOT/jbpm-bpmn2-5.4.0-SNAPSHOT.jar:/Users/salaboy/.m2/repository/junit/junit/4.8.1/junit-4.8.1.jar:"/>
    <property name="java.specification.name" value="Java Platform API Specification"/>
    <property name="java.class.version" value="50.0"/>
    <property name="sun.management.compiler" value="HotSpot 64-Bit Tiered Compilers"/>
    <property name="os.version" value="10.7.4"/>
    <property name="http.nonProxyHosts" value="local|*.local|169.254/16|*.169.254/16"/>
    <property name="user.home" value="/Users/salaboy"/>
    <property name="user.timezone" value="Europe/Madrid"/>
    <property name="java.awt.printerjob" value="apple.awt.CPrinterJob"/>
    <property name="java.specification.version" value="1.6"/>
    <property name="file.encoding" value="MacRoman"/>
    <property name="user.name" value="salaboy"/>
    <property name="java.class.path" value="/Users/salaboy/Projects/jBPM5-Developer-Guide/chapter_10/jBPM5-Process-Events-Patterns/target/test-classes:/Users/salaboy/Projects/jBPM5-Developer-Guide/chapter_10/jBPM5-Process-Events-Patterns/target/classes:/Users/salaboy/.m2/repository/org/jbpm/jbpm-flow/5.4.0-SNAPSHOT/jbpm-flow-5.4.0-SNAPSHOT.jar:/Users/salaboy/.m2/repository/org/drools/knowledge-api/5.5.0-SNAPSHOT/knowledge-api-5.5.0-SNAPSHOT.jar:/Users/salaboy/.m2/repository/org/drools/drools-core/5.5.0-SNAPSHOT/drools-core-5.5.0-SNAPSHOT.jar:/Users/salaboy/.m2/repository/org/mvel/mvel2/2.1.3.Final/mvel2-2.1.3.Final.jar:/Users/salaboy/.m2/repository/org/drools/knowledge-internal-api/5.5.0-SNAPSHOT/knowledge-internal-api-5.5.0-SNAPSHOT.jar:/Users/salaboy/.m2/repository/javax/enterprise/cdi-api/1.0-SP4/cdi-api-1.0-SP4.jar:/Users/salaboy/.m2/repository/org/jboss/spec/javax/interceptor/jboss-interceptors-api_1.1_spec/1.0.0.Beta1/jboss-interceptors-api_1.1_spec-1.0.0.Beta1.jar:/Users/salaboy/.m2/repository/javax/annotation/jsr250-api/1.0/jsr250-api-1.0.jar:/Users/salaboy/.m2/repository/javax/inject/javax.inject/1/javax.inject-1.jar:/Users/salaboy/.m2/repository/com/google/protobuf/protobuf-java/2.4.1/protobuf-java-2.4.1.jar:/Users/salaboy/.m2/repository/org/slf4j/slf4j-api/1.6.4/slf4j-api-1.6.4.jar:/Users/salaboy/.m2/repository/org/jbpm/jbpm-flow-builder/5.4.0-SNAPSHOT/jbpm-flow-builder-5.4.0-SNAPSHOT.jar:/Users/salaboy/.m2/repository/org/drools/drools-compiler/5.5.0-SNAPSHOT/drools-compiler-5.5.0-SNAPSHOT.jar:/Users/salaboy/.m2/repository/org/antlr/antlr-runtime/3.3/antlr-runtime-3.3.jar:/Users/salaboy/.m2/repository/org/antlr/antlr/3.3/antlr-3.3.jar:/Users/salaboy/.m2/repository/org/antlr/stringtemplate/3.2.1/stringtemplate-3.2.1.jar:/Users/salaboy/.m2/repository/antlr/antlr/2.7.7/antlr-2.7.7.jar:/Users/salaboy/.m2/repository/org/eclipse/jdt/core/compiler/ecj/3.5.1/ecj-3.5.1.jar:/Users/salaboy/.m2/repository/com/thoughtworks/xstream/xstream/1.4.1/xstream-1.4.1.jar:/Users/salaboy/.m2/repository/xmlpull/xmlpull/1.1.3.1/xmlpull-1.1.3.1.jar:/Users/salaboy/.m2/repository/xpp3/xpp3_min/1.1.4c/xpp3_min-1.1.4c.jar:/Users/salaboy/.m2/repository/org/jbpm/jbpm-bpmn2/5.4.0-SNAPSHOT/jbpm-bpmn2-5.4.0-SNAPSHOT.jar:/Users/salaboy/.m2/repository/junit/junit/4.8.1/junit-4.8.1.jar:"/>
    <property name="java.vm.specification.version" value="1.0"/>
    <property name="sun.arch.data.model" value="64"/>
    <property name="java.home" value="/System/Library/Java/JavaVirtualMachines/1.6.0.jdk/Contents/Home"/>
    <property name="sun.java.command" value="/Users/salaboy/Projects/jBPM5-Developer-Guide/chapter_10/jBPM5-Process-Events-Patterns/target/surefire/surefirebooter1371165213181497196.jar /Users/salaboy/Projects/jBPM5-Developer-Guide/chapter_10/jBPM5-Process-Events-Patterns/target/surefire/surefire753638481204959596tmp /Users/salaboy/Projects/jBPM5-Developer-Guide/chapter_10/jBPM5-Process-Events-Patterns/target/surefire/surefire1097279332725647097tmp"/>
    <property name="java.specification.vendor" value="Sun Microsystems Inc."/>
    <property name="user.language" value="en"/>
    <property name="awt.toolkit" value="apple.awt.CToolkit"/>
    <property name="java.vm.info" value="mixed mode"/>
    <property name="java.version" value="1.6.0_33"/>
    <property name="java.ext.dirs" value="/Library/Java/Extensions:/System/Library/Java/Extensions:/System/Library/Java/JavaVirtualMachines/1.6.0.jdk/Contents/Home/lib/ext"/>
    <property name="sun.boot.class.path" value="/System/Library/Java/JavaVirtualMachines/1.6.0.jdk/Contents/Classes/jsfd.jar:/System/Library/Java/JavaVirtualMachines/1.6.0.jdk/Contents/Classes/classes.jar:/System/Library/Frameworks/JavaVM.framework/Frameworks/JavaRuntimeSupport.framework/Resources/Java/JavaRuntimeSupport.jar:/System/Library/Java/JavaVirtualMachines/1.6.0.jdk/Contents/Classes/ui.jar:/System/Library/Java/JavaVirtualMachines/1.6.0.jdk/Contents/Classes/laf.jar:/System/Library/Java/JavaVirtualMachines/1.6.0.jdk/Contents/Classes/sunrsasign.jar:/System/Library/Java/JavaVirtualMachines/1.6.0.jdk/Contents/Classes/jsse.jar:/System/Library/Java/JavaVirtualMachines/1.6.0.jdk/Contents/Classes/jce.jar:/System/Library/Java/JavaVirtualMachines/1.6.0.jdk/Contents/Classes/charsets.jar"/>
    <property name="java.vendor" value="Apple Inc."/>
    <property name="localRepository" value="/Users/salaboy/.m2/repository"/>
    <property name="file.separator" value="/"/>
    <property name="java.vendor.url.bug" value="http://bugreport.apple.com/"/>
    <property name="sun.cpu.endian" value="little"/>
    <property name="sun.io.unicode.encoding" value="UnicodeLittle"/>
    <property name="mrj.version" value="1070.1.6.0_33-424"/>
    <property name="socksNonProxyHosts" value="local|*.local|169.254/16|*.169.254/16"/>
    <property name="ftp.nonProxyHosts" value="local|*.local|169.254/16|*.169.254/16"/>
    <property name="sun.cpu.isalist" value=""/>
  </properties>
  <testcase time="15.263" classname="com.salaboy.jbpm5.ProcessAndEventMultiThreadIntegrationTest" name="processEventsWithListenerTest"/>
</testsuite>